<?xml version="1.0" encoding="UTF-8"?>
<!-- Generated by org.testng.reporters.JUnitXMLReporter -->
<testsuite hostname="MacBook-Pro-de-Itexico-2.local" ignored="0" name="Default test" tests="9" failures="0" timestamp="13 Nov 2019 19:25:55 GMT" time="72.51" errors="0">
  <testcase name="basicAuthenticationTest" time="7.891" classname="training.selenium.test.DemoTest"/>
  <testcase name="checkboxTest" time="4.426" classname="training.selenium.test.DemoTest"/>
  <testcase name="contextMenuTest" time="7.354" classname="training.selenium.test.DemoTest"/>
  <testcase name="dropdownListTest" time="3.735" classname="training.selenium.test.DemoTest"/>
  <testcase name="dynamicControlTest" time="23.957" classname="training.selenium.test.DemoTest"/>
  <testcase name="fileUploadTest" time="5.681" classname="training.selenium.test.DemoTest"/>
  <testcase name="SortableDataTableTest" time="6.23" classname="training.selenium.test.DemoTest"/>
  <testcase name="multipleWindowsTest" time="0.002" classname="training.selenium.test.DemoTest"/>
  <testcase name="framesTest" time="5.359" classname="training.selenium.test.DemoTest"/>
</testsuite> <!-- Default test -->
