<?xml version="1.0" encoding="UTF-8"?>
<testng-results skipped="0" failed="0" ignored="0" total="9" passed="9">
  <reporter-output>
  </reporter-output>
  <suite name="Default suite" duration-ms="72510" started-at="2019-11-13T19:24:42Z" finished-at="2019-11-13T19:25:55Z">
    <groups>
    </groups>
    <test name="Default test" duration-ms="72510" started-at="2019-11-13T19:24:42Z" finished-at="2019-11-13T19:25:55Z">
      <class name="training.selenium.test.DemoTest">
        <test-method status="PASS" signature="setup()[pri:0, instance:training.selenium.test.DemoTest@69ea3742]" name="setup" is-config="true" duration-ms="7696" started-at="2019-11-13T19:24:42Z" finished-at="2019-11-13T19:24:50Z">
          <reporter-output>
          </reporter-output>
        </test-method> <!-- setup -->
        <test-method status="PASS" signature="basicAuthenticationTest()[pri:0, instance:training.selenium.test.DemoTest@69ea3742]" name="basicAuthenticationTest" duration-ms="7891" started-at="2019-11-13T19:24:50Z" finished-at="2019-11-13T19:24:58Z">
          <reporter-output>
          </reporter-output>
        </test-method> <!-- basicAuthenticationTest -->
        <test-method status="PASS" signature="checkboxTest()[pri:0, instance:training.selenium.test.DemoTest@69ea3742]" name="checkboxTest" duration-ms="4426" started-at="2019-11-13T19:24:58Z" depends-on-methods="training.selenium.test.DemoTest.basicAuthenticationTest" finished-at="2019-11-13T19:25:02Z">
          <reporter-output>
          </reporter-output>
        </test-method> <!-- checkboxTest -->
        <test-method status="PASS" signature="contextMenuTest()[pri:0, instance:training.selenium.test.DemoTest@69ea3742]" name="contextMenuTest" duration-ms="7354" started-at="2019-11-13T19:25:02Z" depends-on-methods="training.selenium.test.DemoTest.checkboxTest" finished-at="2019-11-13T19:25:10Z">
          <reporter-output>
          </reporter-output>
        </test-method> <!-- contextMenuTest -->
        <test-method status="PASS" signature="dropdownListTest()[pri:0, instance:training.selenium.test.DemoTest@69ea3742]" name="dropdownListTest" duration-ms="3735" started-at="2019-11-13T19:25:10Z" depends-on-methods="training.selenium.test.DemoTest.contextMenuTest" finished-at="2019-11-13T19:25:14Z">
          <reporter-output>
          </reporter-output>
        </test-method> <!-- dropdownListTest -->
        <test-method status="PASS" signature="dynamicControlTest()[pri:0, instance:training.selenium.test.DemoTest@69ea3742]" name="dynamicControlTest" duration-ms="23957" started-at="2019-11-13T19:25:14Z" depends-on-methods="training.selenium.test.DemoTest.dropdownListTest" finished-at="2019-11-13T19:25:38Z">
          <reporter-output>
          </reporter-output>
        </test-method> <!-- dynamicControlTest -->
        <test-method status="PASS" signature="fileUploadTest()[pri:0, instance:training.selenium.test.DemoTest@69ea3742]" name="fileUploadTest" duration-ms="5681" started-at="2019-11-13T19:25:38Z" depends-on-methods="training.selenium.test.DemoTest.dynamicControlTest" finished-at="2019-11-13T19:25:43Z">
          <reporter-output>
          </reporter-output>
        </test-method> <!-- fileUploadTest -->
        <test-method status="PASS" signature="SortableDataTableTest()[pri:0, instance:training.selenium.test.DemoTest@69ea3742]" name="SortableDataTableTest" duration-ms="6230" started-at="2019-11-13T19:25:43Z" depends-on-methods="training.selenium.test.DemoTest.fileUploadTest" finished-at="2019-11-13T19:25:49Z">
          <reporter-output>
          </reporter-output>
        </test-method> <!-- SortableDataTableTest -->
        <test-method status="PASS" signature="multipleWindowsTest()[pri:0, instance:training.selenium.test.DemoTest@69ea3742]" name="multipleWindowsTest" duration-ms="2" started-at="2019-11-13T19:25:49Z" depends-on-methods="training.selenium.test.DemoTest.SortableDataTableTest" finished-at="2019-11-13T19:25:49Z">
          <reporter-output>
          </reporter-output>
        </test-method> <!-- multipleWindowsTest -->
        <test-method status="PASS" signature="framesTest()[pri:0, instance:training.selenium.test.DemoTest@69ea3742]" name="framesTest" duration-ms="5359" started-at="2019-11-13T19:25:49Z" depends-on-methods="training.selenium.test.DemoTest.multipleWindowsTest" finished-at="2019-11-13T19:25:55Z">
          <reporter-output>
          </reporter-output>
        </test-method> <!-- framesTest -->
        <test-method status="PASS" signature="teardown()[pri:0, instance:training.selenium.test.DemoTest@69ea3742]" name="teardown" is-config="true" duration-ms="121" started-at="2019-11-13T19:25:55Z" finished-at="2019-11-13T19:25:55Z">
          <reporter-output>
          </reporter-output>
        </test-method> <!-- teardown -->
      </class> <!-- training.selenium.test.DemoTest -->
    </test> <!-- Default test -->
  </suite> <!-- Default suite -->
</testng-results>
