<?xml version="1.0" encoding="UTF-8"?>
<testng-results skipped="0" failed="1" ignored="0" total="8" passed="7">
  <reporter-output>
  </reporter-output>
  <suite name="Default suite" duration-ms="124788" started-at="2019-10-07T17:33:04Z" finished-at="2019-10-07T17:35:08Z">
    <groups>
    </groups>
    <test name="Default test" duration-ms="124788" started-at="2019-10-07T17:33:04Z" finished-at="2019-10-07T17:35:08Z">
      <class name="training.selenium.test.DemoTest">
        <test-method status="PASS" signature="setup()[pri:0, instance:training.selenium.test.DemoTest@6c80d78a]" name="setup" is-config="true" duration-ms="6024" started-at="2019-10-07T17:33:04Z" finished-at="2019-10-07T17:33:10Z">
          <reporter-output>
          </reporter-output>
        </test-method> <!-- setup -->
        <test-method status="PASS" signature="basicAuthenticationTest()[pri:0, instance:training.selenium.test.DemoTest@6c80d78a]" name="basicAuthenticationTest" duration-ms="7518" started-at="2019-10-07T17:33:10Z" finished-at="2019-10-07T17:33:17Z">
          <reporter-output>
          </reporter-output>
        </test-method> <!-- basicAuthenticationTest -->
        <test-method status="PASS" signature="checkboxTest()[pri:0, instance:training.selenium.test.DemoTest@6c80d78a]" name="checkboxTest" duration-ms="4639" started-at="2019-10-07T17:33:17Z" depends-on-methods="training.selenium.test.DemoTest.basicAuthenticationTest" finished-at="2019-10-07T17:33:22Z">
          <reporter-output>
          </reporter-output>
        </test-method> <!-- checkboxTest -->
        <test-method status="PASS" signature="contextMenuTest()[pri:0, instance:training.selenium.test.DemoTest@6c80d78a]" name="contextMenuTest" duration-ms="7846" started-at="2019-10-07T17:33:22Z" depends-on-methods="training.selenium.test.DemoTest.checkboxTest" finished-at="2019-10-07T17:33:30Z">
          <reporter-output>
          </reporter-output>
        </test-method> <!-- contextMenuTest -->
        <test-method status="PASS" signature="dropdownListTest()[pri:0, instance:training.selenium.test.DemoTest@6c80d78a]" name="dropdownListTest" duration-ms="4499" started-at="2019-10-07T17:33:30Z" depends-on-methods="training.selenium.test.DemoTest.contextMenuTest" finished-at="2019-10-07T17:33:34Z">
          <reporter-output>
          </reporter-output>
        </test-method> <!-- dropdownListTest -->
        <test-method status="PASS" signature="dynamicControlTest()[pri:0, instance:training.selenium.test.DemoTest@6c80d78a]" name="dynamicControlTest" duration-ms="23899" started-at="2019-10-07T17:33:34Z" depends-on-methods="training.selenium.test.DemoTest.dropdownListTest" finished-at="2019-10-07T17:33:58Z">
          <reporter-output>
          </reporter-output>
        </test-method> <!-- dynamicControlTest -->
        <test-method status="PASS" signature="fileUploadTest()[pri:0, instance:training.selenium.test.DemoTest@6c80d78a]" name="fileUploadTest" duration-ms="4666" started-at="2019-10-07T17:33:58Z" depends-on-methods="training.selenium.test.DemoTest.dynamicControlTest" finished-at="2019-10-07T17:34:03Z">
          <reporter-output>
          </reporter-output>
        </test-method> <!-- fileUploadTest -->
        <test-method status="PASS" signature="SortableDataTableTest()[pri:0, instance:training.selenium.test.DemoTest@6c80d78a]" name="SortableDataTableTest" duration-ms="63931" started-at="2019-10-07T17:34:03Z" depends-on-methods="training.selenium.test.DemoTest.fileUploadTest" finished-at="2019-10-07T17:35:07Z">
          <reporter-output>
          </reporter-output>
        </test-method> <!-- SortableDataTableTest -->
        <test-method status="FAIL" signature="multipleWindowsTest()[pri:0, instance:training.selenium.test.DemoTest@6c80d78a]" name="multipleWindowsTest" duration-ms="703" started-at="2019-10-07T17:35:07Z" depends-on-methods="training.selenium.test.DemoTest.SortableDataTableTest" finished-at="2019-10-07T17:35:07Z">
          <exception class="java.lang.IndexOutOfBoundsException">
            <message>
              <![CDATA[Index: 0, Size: 0]]>
            </message>
            <full-stacktrace>
              <![CDATA[java.lang.IndexOutOfBoundsException: Index: 0, Size: 0
at java.util.ArrayList.rangeCheck(ArrayList.java:657)
at java.util.ArrayList.get(ArrayList.java:433)
at training.selenium.pageobjects.MultipleWindowsPage.clickToOpenAnotherWinTab(MultipleWindowsPage.java:26)
at training.selenium.test.DemoTest.multipleWindowsTest(DemoTest.java:101)
at sun.reflect.NativeMethodAccessorImpl.invoke0(Native Method)
at sun.reflect.NativeMethodAccessorImpl.invoke(NativeMethodAccessorImpl.java:62)
at sun.reflect.DelegatingMethodAccessorImpl.invoke(DelegatingMethodAccessorImpl.java:43)
at java.lang.reflect.Method.invoke(Method.java:498)
at org.testng.internal.MethodInvocationHelper.invokeMethod(MethodInvocationHelper.java:124)
at org.testng.internal.Invoker.invokeMethod(Invoker.java:583)
at org.testng.internal.Invoker.invokeTestMethod(Invoker.java:719)
at org.testng.internal.Invoker.invokeTestMethods(Invoker.java:989)
at org.testng.internal.TestMethodWorker.invokeTestMethods(TestMethodWorker.java:125)
at org.testng.internal.TestMethodWorker.run(TestMethodWorker.java:109)
at org.testng.TestRunner.privateRun(TestRunner.java:648)
at org.testng.TestRunner.run(TestRunner.java:505)
at org.testng.SuiteRunner.runTest(SuiteRunner.java:455)
at org.testng.SuiteRunner.runSequentially(SuiteRunner.java:450)
at org.testng.SuiteRunner.privateRun(SuiteRunner.java:415)
at org.testng.SuiteRunner.run(SuiteRunner.java:364)
at org.testng.SuiteRunnerWorker.runSuite(SuiteRunnerWorker.java:52)
at org.testng.SuiteRunnerWorker.run(SuiteRunnerWorker.java:84)
at org.testng.TestNG.runSuitesSequentially(TestNG.java:1208)
at org.testng.TestNG.runSuitesLocally(TestNG.java:1137)
at org.testng.TestNG.runSuites(TestNG.java:1049)
at org.testng.TestNG.run(TestNG.java:1017)
at org.testng.remote.AbstractRemoteTestNG.run(AbstractRemoteTestNG.java:115)
at org.testng.remote.RemoteTestNG.initAndRun(RemoteTestNG.java:251)
at org.testng.remote.RemoteTestNG.main(RemoteTestNG.java:77)
]]>
            </full-stacktrace>
          </exception> <!-- java.lang.IndexOutOfBoundsException -->
          <reporter-output>
          </reporter-output>
        </test-method> <!-- multipleWindowsTest -->
        <test-method status="PASS" signature="teardown()[pri:0, instance:training.selenium.test.DemoTest@6c80d78a]" name="teardown" is-config="true" duration-ms="989" started-at="2019-10-07T17:35:07Z" finished-at="2019-10-07T17:35:08Z">
          <reporter-output>
          </reporter-output>
        </test-method> <!-- teardown -->
      </class> <!-- training.selenium.test.DemoTest -->
    </test> <!-- Default test -->
  </suite> <!-- Default suite -->
</testng-results>
